<?xml version="1.0" encoding="UTF-8"?>
<testsuite xmlns:xsi="http://www.w3.org/2001/XMLSchema-instance" xsi:noNamespaceSchemaLocation="https://maven.apache.org/surefire/maven-surefire-plugin/xsd/surefire-test-report-3.0.xsd" version="3.0" name="com.pdi.tests.functional.AcompanhamentoFunctionalTest" time="0.265" tests="1" errors="0" skipped="0" failures="0">
  <properties>
[...]
</properties>
  <testcase name="testValidateGetAllAcompanhamentosFunctional" classname="com.pdi.tests.functional.AcompanhamentoFunctionalTest" time="0.253">
    <system-out><![CDATA[Body:			<none>
{
    "content": [
        {
            "idAcompanhamento": 1,
            "idEstagiario": 2,
            "nomeEstagiario": "Aluno teste",
            "trilha": "Frontend",
            "email": "aluno.teste@dbccompany.com.br",
            "dataInicio": "2024-04-25",
            "dataFim": "2024-05-02",
            "status": "FECHADO",
            "nome": "VemSer 12",
            "titulo": "acompanhamento teste",
            "horarioInicio": "10:00:00",
            "horarioFim": "20:00:00",
            "duracao": 10,
            "descricao": "acompanhamento pontual"
        },
        {
            "idAcompanhamento": 1,
            "idEstagiario": 71,
            "nomeEstagiario": "Isabela Santos",
            "trilha": "Frontend",
            "email": "isabela.santos@empresa.com",
            "dataInicio": "2024-04-25",
            "dataFim": "2024-05-02",
            "status": "FECHADO",
            "nome": "VemSer 12",
            "titulo": "acompanhamento teste",
            "horarioInicio": "10:00:00",
            "horarioFim": "20:00:00",
            "duracao": 10,
            "descricao": "acompanhamento pontual"
        },
        {
            "idAcompanhamento": 1,
            "idEstagiario": 66,
            "nomeEstagiario": "Gustavo Santos",
            "trilha": "Frontend",
            "email": "gustavo.santos@empresa.com",
            "dataInicio": "2024-04-25",
            "dataFim": "2024-05-02",
            "status": "FECHADO",
            "nome": "VemSer 12",
            "titulo": "acompanhamento teste",
            "horarioInicio": "10:00:00",
            "horarioFim": "20:00:00",
            "duracao": 10,
            "descricao": "acompanhamento pontual"
        },
        {
            "idAcompanhamento": 1,
            "idEstagiario": 4,
            "nomeEstagiario": "Deyvid Lucas",
            "trilha": "Frontend",
            "email": "deyvid.lucas@dbccompany.com.br",
            "dataInicio": "2024-04-25",
            "dataFim": "2024-05-02",
            "status": "FECHADO",
            "nome": "VemSer 12",
            "titulo": "acompanhamento teste",
            "horarioInicio": "10:00:00",
            "horarioFim": "20:00:00",
            "duracao": 10,
            "descricao": "acompanhamento pontual"
        },
        {
            "idAcompanhamento": 1,
            "idEstagiario": 5,
            "nomeEstagiario": "Tadeu Tavares Torres",
            "trilha": "Frontend",
            "email": "tadeu.torres@dbccompany.com.br",
            "dataInicio": "2024-04-25",
            "dataFim": "2024-05-02",
            "status": "FECHADO",
            "nome": "VemSer 12",
            "titulo": "acompanhamento teste",
            "horarioInicio": "10:00:00",
            "horarioFim": "20:00:00",
            "duracao": 10,
            "descricao": "acompanhamento pontual"
        },
        {
            "idAcompanhamento": 1,
            "idEstagiario": 6,
            "nomeEstagiario": "Aluno teste",
            "trilha": "Frontend",
            "email": "alunoteste@dbccompany.com.br",
            "dataInicio": "2024-04-25",
            "dataFim": "2024-05-02",
            "status": "FECHADO",
            "nome": "VemSer 12",
            "titulo": "acompanhamento teste",
            "horarioInicio": "10:00:00",
            "horarioFim": "20:00:00",
            "duracao": 10,
            "descricao": "acompanhamento pontual"
        },
        {
            "idAcompanhamento": 1,
            "idEstagiario": 58,
            "nomeEstagiario": "Maria Santos",
            "trilha": "Frontend",
            "email": "maria.santos@empresa.com",
            "dataInicio": "2024-04-25",
            "dataFim": "2024-05-02",
            "status": "FECHADO",
            "nome": "VemSer 12",
            "titulo": "acompanhamento teste",
            "horarioInicio": "10:00:00",
            "horarioFim": "20:00:00",
            "duracao": 10,
            "descricao": "acompanhamento pontual"
        },
        {
            "idAcompanhamento": 1,
            "idEstagiario": 59,
            "nomeEstagiario": "Carlos Oliveira",
            "trilha": "Frontend",
            "email": "carlos.oliveira@empresa.com",
            "dataInicio": "2024-04-25",
            "dataFim": "2024-05-02",
            "status": "FECHADO",
            "nome": "VemSer 12",
            "titulo": "acompanhamento teste",
            "horarioInicio": "10:00:00",
            "horarioFim": "20:00:00",
            "duracao": 10,
            "descricao": "acompanhamento pontual"
        },
        {
            "idAcompanhamento": 1,
            "idEstagiario": 67,
            "nomeEstagiario": "Fabiana Oliveira",
            "trilha": "Frontend",
            "email": "fabiana.oliveira@empresa.com",
            "dataInicio": "2024-04-25",
            "dataFim": "2024-05-02",
            "status": "FECHADO",
            "nome": "VemSer 12",
            "titulo": "acompanhamento teste",
            "horarioInicio": "10:00:00",
            "horarioFim": "20:00:00",
            "duracao": 10,
            "descricao": "acompanhamento pontual"
        },
        {
            "idAcompanhamento": 1,
            "idEstagiario": 1,
            "nomeEstagiario": "João Melo Almeida de socorro br",
            "trilha": "Frontend",
            "email": "joaomelo@dbccompany.com.br",
            "dataInicio": "2024-04-25",
            "dataFim": "2024-05-02",
            "status": "FECHADO",
            "nome": "VemSer 12",
            "titulo": "acompanhamento teste",
            "horarioInicio": "10:00:00",
            "horarioFim": "20:00:00",
            "duracao": 10,
            "descricao": "acompanhamento pontual"
        }
    ],
    "pageable": {
        "sort": {
            "empty": true,
            "sorted": false,
            "unsorted": true
        },
        "offset": 0,
        "pageNumber": 0,
        "pageSize": 10,
        "paged": true,
        "unpaged": false
    },
    "last": false,
    "totalPages": 26,
    "totalElements": 253,
    "size": 10,
    "number": 0,
    "sort": {
        "empty": true,
        "sorted": false,
        "unsorted": true
    },
    "first": true,
    "numberOfElements": 10,
    "empty": false
}
]]></system-out>
  </testcase>
</testsuite>